  main.cpp
D:\Projects\Binary-tree-sort\Binary-tree-sort\main.cpp(38,73): warning C4244: аргумент: преобразование "const int" в "T", возможна потеря данных
D:\Projects\Binary-tree-sort\Binary-tree-sort\main.cpp(38,73): warning C4244:         with
D:\Projects\Binary-tree-sort\Binary-tree-sort\main.cpp(38,73): warning C4244:         [
D:\Projects\Binary-tree-sort\Binary-tree-sort\main.cpp(38,73): warning C4244:             T=float
D:\Projects\Binary-tree-sort\Binary-tree-sort\main.cpp(38,73): warning C4244:         ]
D:\Projects\Binary-tree-sort\Binary-tree-sort\main.cpp(38,52): warning C4244: аргумент: преобразование "const int" в "T", возможна потеря данных
D:\Projects\Binary-tree-sort\Binary-tree-sort\main.cpp(38,52): warning C4244:         with
D:\Projects\Binary-tree-sort\Binary-tree-sort\main.cpp(38,52): warning C4244:         [
D:\Projects\Binary-tree-sort\Binary-tree-sort\main.cpp(38,52): warning C4244:             T=float
D:\Projects\Binary-tree-sort\Binary-tree-sort\main.cpp(38,52): warning C4244:         ]
D:\Projects\Binary-tree-sort\Binary-tree-sort\main.cpp(127,42): warning C4244: аргумент: преобразование "int" в "float", возможна потеря данных
D:\Projects\Binary-tree-sort\Binary-tree-sort\main.cpp(139,44): warning C4244: аргумент: преобразование "int" в "float", возможна потеря данных
D:\Projects\Binary-tree-sort\Binary-tree-sort\main.cpp(155,88): warning C4244: аргумент: преобразование "T" в "T", возможна потеря данных
D:\Projects\Binary-tree-sort\Binary-tree-sort\main.cpp(155,88): warning C4244:         with
D:\Projects\Binary-tree-sort\Binary-tree-sort\main.cpp(155,88): warning C4244:         [
D:\Projects\Binary-tree-sort\Binary-tree-sort\main.cpp(155,88): warning C4244:             T=int
D:\Projects\Binary-tree-sort\Binary-tree-sort\main.cpp(155,88): warning C4244:         ]
D:\Projects\Binary-tree-sort\Binary-tree-sort\main.cpp(155,88): warning C4244:         and
D:\Projects\Binary-tree-sort\Binary-tree-sort\main.cpp(155,88): warning C4244:         [
D:\Projects\Binary-tree-sort\Binary-tree-sort\main.cpp(155,88): warning C4244:             T=float
D:\Projects\Binary-tree-sort\Binary-tree-sort\main.cpp(155,88): warning C4244:         ]
D:\Projects\Binary-tree-sort\Binary-tree-sort\main.cpp(155,76): warning C4244: аргумент: преобразование "T" в "T", возможна потеря данных
D:\Projects\Binary-tree-sort\Binary-tree-sort\main.cpp(155,76): warning C4244:         with
D:\Projects\Binary-tree-sort\Binary-tree-sort\main.cpp(155,76): warning C4244:         [
D:\Projects\Binary-tree-sort\Binary-tree-sort\main.cpp(155,76): warning C4244:             T=int
D:\Projects\Binary-tree-sort\Binary-tree-sort\main.cpp(155,76): warning C4244:         ]
D:\Projects\Binary-tree-sort\Binary-tree-sort\main.cpp(155,76): warning C4244:         and
D:\Projects\Binary-tree-sort\Binary-tree-sort\main.cpp(155,76): warning C4244:         [
D:\Projects\Binary-tree-sort\Binary-tree-sort\main.cpp(155,76): warning C4244:             T=float
D:\Projects\Binary-tree-sort\Binary-tree-sort\main.cpp(155,76): warning C4244:         ]
D:\Projects\Binary-tree-sort\Binary-tree-sort\main.cpp(181,88): warning C4244: аргумент: преобразование "T" в "T", возможна потеря данных
D:\Projects\Binary-tree-sort\Binary-tree-sort\main.cpp(181,88): warning C4244:         with
D:\Projects\Binary-tree-sort\Binary-tree-sort\main.cpp(181,88): warning C4244:         [
D:\Projects\Binary-tree-sort\Binary-tree-sort\main.cpp(181,88): warning C4244:             T=int
D:\Projects\Binary-tree-sort\Binary-tree-sort\main.cpp(181,88): warning C4244:         ]
D:\Projects\Binary-tree-sort\Binary-tree-sort\main.cpp(181,88): warning C4244:         and
D:\Projects\Binary-tree-sort\Binary-tree-sort\main.cpp(181,88): warning C4244:         [
D:\Projects\Binary-tree-sort\Binary-tree-sort\main.cpp(181,88): warning C4244:             T=float
D:\Projects\Binary-tree-sort\Binary-tree-sort\main.cpp(181,88): warning C4244:         ]
D:\Projects\Binary-tree-sort\Binary-tree-sort\main.cpp(181,76): warning C4244: аргумент: преобразование "T" в "T", возможна потеря данных
D:\Projects\Binary-tree-sort\Binary-tree-sort\main.cpp(181,76): warning C4244:         with
D:\Projects\Binary-tree-sort\Binary-tree-sort\main.cpp(181,76): warning C4244:         [
D:\Projects\Binary-tree-sort\Binary-tree-sort\main.cpp(181,76): warning C4244:             T=int
D:\Projects\Binary-tree-sort\Binary-tree-sort\main.cpp(181,76): warning C4244:         ]
D:\Projects\Binary-tree-sort\Binary-tree-sort\main.cpp(181,76): warning C4244:         and
D:\Projects\Binary-tree-sort\Binary-tree-sort\main.cpp(181,76): warning C4244:         [
D:\Projects\Binary-tree-sort\Binary-tree-sort\main.cpp(181,76): warning C4244:             T=float
D:\Projects\Binary-tree-sort\Binary-tree-sort\main.cpp(181,76): warning C4244:         ]
  Binary-tree-sort.vcxproj -> D:\Projects\Binary-tree-sort\Build\x64\Bin\Binary-tree-sort.exe
